<?xml version="1.0" encoding="UTF-8"?>
<!-- Generated by org.testng.reporters.JUnitXMLReporter -->
<testsuite hostname="RITESH" name="Command line test" tests="9" failures="1" timestamp="6 Oct 2018 06:38:12 GMT" time="99.708" errors="0">
  <testcase name="login" time="7.509" classname="runner.TestAddPayee"/>
  <testcase name="testAddPayee" time="0.002" classname="runner.TestAddPayee">
    <failure type="java.lang.NullPointerException">
      <![CDATA[java.lang.NullPointerException
	at org.openqa.selenium.support.pagefactory.DefaultElementLocator.findElement(DefaultElementLocator.java:69)
	at org.openqa.selenium.support.pagefactory.internal.LocatingElementHandler.invoke(LocatingElementHandler.java:38)
	at com.sun.proxy.$Proxy7.click(Unknown Source)
	at pages.Home.addPayee(Home.java:41)
	at runner.TestAddPayee.testAddPayee(TestAddPayee.java:32)
	at org.apache.maven.surefire.testng.TestNGExecutor.run(TestNGExecutor.java:77)
	at org.apache.maven.surefire.testng.TestNGDirectoryTestSuite.executeMulti(TestNGDirectoryTestSuite.java:159)
	at org.apache.maven.surefire.testng.TestNGDirectoryTestSuite.execute(TestNGDirectoryTestSuite.java:99)
	at org.apache.maven.surefire.testng.TestNGProvider.invoke(TestNGProvider.java:106)
	at org.apache.maven.surefire.util.ReflectionUtils.invokeMethodWithArray(ReflectionUtils.java:189)
	at org.apache.maven.surefire.booter.ProviderFactory$ProviderProxy.invoke(ProviderFactory.java:165)
	at org.apache.maven.surefire.booter.ProviderFactory.invokeProvider(ProviderFactory.java:85)
	at org.apache.maven.surefire.booter.ForkedBooter.runSuitesInProcess(ForkedBooter.java:115)
	at org.apache.maven.surefire.booter.ForkedBooter.main(ForkedBooter.java:75)
... Removed 25 stack frames]]>
    </failure>
  </testcase> <!-- testAddPayee -->
  <testcase name="TestLogin" time="6.665" classname="runner.TestLogin"/>
  <testcase name="test1" time="0.731" classname="runner.TestLogin"/>
  <testcase name="titleValidation" time="0.022" classname="runner.TestLogin"/>
  <testcase name="TestEmail" time="0.305" classname="runner.TestLogoutPage"/>
  <testcase name="TestLoginAgain" time="4.868" classname="runner.TestLogoutPage"/>
  <testcase name="TestPhoneBanking" time="4.021" classname="runner.TestLogoutPage"/>
  <testcase name="TestSCIndia" time="1.961" classname="runner.TestLogoutPage"/>
</testsuite> <!-- Command line test -->
