<?xml version="1.0" encoding="UTF-8" ?>
<testsuite tests="9" failures="1" name="TestSuite" time="26.064" errors="0" skipped="0">
  <properties>
[...]
</properties>
  <testcase classname="runner.TestAddPayee" name="login" time="7.511"/>
  <testcase classname="runner.TestAddPayee" name="testAddPayee" time="0.002">
    <failure type="java.lang.NullPointerException">java.lang.NullPointerException
	at org.openqa.selenium.support.pagefactory.DefaultElementLocator.findElement(DefaultElementLocator.java:69)
	at org.openqa.selenium.support.pagefactory.internal.LocatingElementHandler.invoke(LocatingElementHandler.java:38)
	at com.sun.proxy.$Proxy7.click(Unknown Source)
	at pages.Home.addPayee(Home.java:41)
	at runner.TestAddPayee.testAddPayee(TestAddPayee.java:32)
</failure>
  </testcase>
  <testcase classname="runner.TestLogin" name="TestLogin" time="6.665"/>
  <testcase classname="runner.TestLogin" name="test1" time="0.724"/>
  <testcase classname="runner.TestLogin" name="titleValidation" time="0.021"/>
  <testcase classname="runner.TestLogoutPage" name="TestEmail" time="0.296"/>
  <testcase classname="runner.TestLogoutPage" name="TestLoginAgain" time="4.868"/>
  <testcase classname="runner.TestLogoutPage" name="TestPhoneBanking" time="4.019"/>
  <testcase classname="runner.TestLogoutPage" name="TestSCIndia" time="1.958"/>
</testsuite>