<?xml version="1.0" encoding="UTF-8"?>
<testng-results skipped="0" failed="1" total="9" passed="8">
  <reporter-output>
  </reporter-output>
  <suite name="Command line suite" duration-ms="99708" started-at="2018-10-06T06:36:32Z" finished-at="2018-10-06T06:38:12Z">
    <groups>
    </groups>
    <test name="Command line test" duration-ms="99708" started-at="2018-10-06T06:36:32Z" finished-at="2018-10-06T06:38:12Z">
      <class name="runner.TestLogoutPage">
        <test-method status="PASS" signature="beforeMethod()[pri:0, instance:runner.TestLogoutPage@10399e]" name="beforeMethod" is-config="true" duration-ms="5352" started-at="2018-10-06T12:07:37Z" finished-at="2018-10-06T12:07:42Z">
          <reporter-output>
          </reporter-output>
        </test-method> <!-- beforeMethod -->
        <test-method status="PASS" signature="TestEmail()[pri:0, instance:runner.TestLogoutPage@10399e]" name="TestEmail" duration-ms="305" started-at="2018-10-06T12:07:42Z" finished-at="2018-10-06T12:07:42Z">
          <reporter-output>
          </reporter-output>
        </test-method> <!-- TestEmail -->
        <test-method status="PASS" signature="afterMethod()[pri:0, instance:runner.TestLogoutPage@10399e]" name="afterMethod" is-config="true" duration-ms="0" started-at="2018-10-06T12:07:42Z" finished-at="2018-10-06T12:07:42Z">
          <reporter-output>
          </reporter-output>
        </test-method> <!-- afterMethod -->
        <test-method status="PASS" signature="beforeMethod()[pri:0, instance:runner.TestLogoutPage@10399e]" name="beforeMethod" is-config="true" duration-ms="3842" started-at="2018-10-06T12:07:42Z" finished-at="2018-10-06T12:07:46Z">
          <reporter-output>
          </reporter-output>
        </test-method> <!-- beforeMethod -->
        <test-method status="PASS" signature="TestLoginAgain()[pri:0, instance:runner.TestLogoutPage@10399e]" name="TestLoginAgain" duration-ms="4868" started-at="2018-10-06T12:07:46Z" finished-at="2018-10-06T12:07:51Z">
          <reporter-output>
          </reporter-output>
        </test-method> <!-- TestLoginAgain -->
        <test-method status="PASS" signature="beforeMethod()[pri:0, instance:runner.TestLogoutPage@10399e]" name="beforeMethod" is-config="true" duration-ms="3063" started-at="2018-10-06T12:07:51Z" finished-at="2018-10-06T12:07:54Z">
          <reporter-output>
          </reporter-output>
        </test-method> <!-- beforeMethod -->
        <test-method status="PASS" signature="afterMethod()[pri:0, instance:runner.TestLogoutPage@10399e]" name="afterMethod" is-config="true" duration-ms="0" started-at="2018-10-06T12:07:51Z" finished-at="2018-10-06T12:07:51Z">
          <reporter-output>
          </reporter-output>
        </test-method> <!-- afterMethod -->
        <test-method status="PASS" signature="TestPhoneBanking()[pri:0, instance:runner.TestLogoutPage@10399e]" name="TestPhoneBanking" duration-ms="4021" started-at="2018-10-06T12:07:54Z" finished-at="2018-10-06T12:07:58Z">
          <reporter-output>
          </reporter-output>
        </test-method> <!-- TestPhoneBanking -->
        <test-method status="PASS" signature="afterMethod()[pri:0, instance:runner.TestLogoutPage@10399e]" name="afterMethod" is-config="true" duration-ms="1" started-at="2018-10-06T12:07:58Z" finished-at="2018-10-06T12:07:58Z">
          <reporter-output>
          </reporter-output>
        </test-method> <!-- afterMethod -->
        <test-method status="PASS" signature="beforeMethod()[pri:0, instance:runner.TestLogoutPage@10399e]" name="beforeMethod" is-config="true" duration-ms="1904" started-at="2018-10-06T12:07:58Z" finished-at="2018-10-06T12:08:00Z">
          <reporter-output>
          </reporter-output>
        </test-method> <!-- beforeMethod -->
        <test-method status="PASS" signature="TestSCIndia()[pri:0, instance:runner.TestLogoutPage@10399e]" name="TestSCIndia" duration-ms="1961" started-at="2018-10-06T12:08:00Z" finished-at="2018-10-06T12:08:02Z">
          <reporter-output>
          </reporter-output>
        </test-method> <!-- TestSCIndia -->
        <test-method status="PASS" signature="afterMethod()[pri:0, instance:runner.TestLogoutPage@10399e]" name="afterMethod" is-config="true" duration-ms="0" started-at="2018-10-06T12:08:02Z" finished-at="2018-10-06T12:08:02Z">
          <reporter-output>
          </reporter-output>
        </test-method> <!-- afterMethod -->
      </class> <!-- runner.TestLogoutPage -->
      <class name="runner.TestAddPayee">
        <test-method status="PASS" signature="beforTest()[pri:0, instance:runner.TestAddPayee@fbd816]" name="beforTest" is-config="true" duration-ms="9607" started-at="2018-10-06T12:06:32Z" finished-at="2018-10-06T12:06:42Z">
          <reporter-output>
          </reporter-output>
        </test-method> <!-- beforTest -->
        <test-method status="PASS" signature="beforeTest()[pri:0, instance:runner.TestLogin@39f31e]" name="beforeTest" is-config="true" duration-ms="4003" started-at="2018-10-06T12:06:42Z" finished-at="2018-10-06T12:06:46Z">
          <reporter-output>
          </reporter-output>
        </test-method> <!-- beforeTest -->
        <test-method status="PASS" signature="beforeTest()[pri:0, instance:runner.TestLogoutPage@10399e]" name="beforeTest" is-config="true" duration-ms="18269" started-at="2018-10-06T12:06:46Z" finished-at="2018-10-06T12:07:04Z">
          <reporter-output>
          </reporter-output>
        </test-method> <!-- beforeTest -->
        <test-method status="PASS" signature="login(java.lang.String, java.lang.String)[pri:0, instance:runner.TestAddPayee@fbd816]" name="login" duration-ms="7509" started-at="2018-10-06T12:07:04Z" data-provider="LoginDetail" finished-at="2018-10-06T12:07:11Z">
          <params>
            <param index="0">
              <value>
                <![CDATA[ritesh0107]]>
              </value>
            </param>
            <param index="1">
              <value>
                <![CDATA[nayan0107]]>
              </value>
            </param>
          </params>
          <reporter-output>
          </reporter-output>
        </test-method> <!-- login -->
        <test-method status="FAIL" signature="testAddPayee()[pri:0, instance:runner.TestAddPayee@fbd816]" name="testAddPayee" duration-ms="2" started-at="2018-10-06T12:07:11Z" finished-at="2018-10-06T12:07:11Z">
          <exception class="java.lang.NullPointerException">
            <full-stacktrace>
              <![CDATA[java.lang.NullPointerException
	at org.openqa.selenium.support.pagefactory.DefaultElementLocator.findElement(DefaultElementLocator.java:69)
	at org.openqa.selenium.support.pagefactory.internal.LocatingElementHandler.invoke(LocatingElementHandler.java:38)
	at com.sun.proxy.$Proxy7.click(Unknown Source)
	at pages.Home.addPayee(Home.java:41)
	at runner.TestAddPayee.testAddPayee(TestAddPayee.java:32)
	at sun.reflect.NativeMethodAccessorImpl.invoke0(Native Method)
	at sun.reflect.NativeMethodAccessorImpl.invoke(Unknown Source)
	at sun.reflect.DelegatingMethodAccessorImpl.invoke(Unknown Source)
	at java.lang.reflect.Method.invoke(Unknown Source)
	at org.testng.internal.MethodInvocationHelper.invokeMethod(MethodInvocationHelper.java:80)
	at org.testng.internal.Invoker.invokeMethod(Invoker.java:714)
	at org.testng.internal.Invoker.invokeTestMethod(Invoker.java:901)
	at org.testng.internal.Invoker.invokeTestMethods(Invoker.java:1231)
	at org.testng.internal.TestMethodWorker.invokeTestMethods(TestMethodWorker.java:127)
	at org.testng.internal.TestMethodWorker.run(TestMethodWorker.java:111)
	at org.testng.TestRunner.privateRun(TestRunner.java:767)
	at org.testng.TestRunner.run(TestRunner.java:617)
	at org.testng.SuiteRunner.runTest(SuiteRunner.java:334)
	at org.testng.SuiteRunner.runSequentially(SuiteRunner.java:329)
	at org.testng.SuiteRunner.privateRun(SuiteRunner.java:291)
	at org.testng.SuiteRunner.run(SuiteRunner.java:240)
	at org.testng.SuiteRunnerWorker.runSuite(SuiteRunnerWorker.java:52)
	at org.testng.SuiteRunnerWorker.run(SuiteRunnerWorker.java:86)
	at org.testng.TestNG.runSuitesSequentially(TestNG.java:1198)
	at org.testng.TestNG.runSuitesLocally(TestNG.java:1123)
	at org.testng.TestNG.run(TestNG.java:1031)
	at org.apache.maven.surefire.testng.TestNGExecutor.run(TestNGExecutor.java:77)
	at org.apache.maven.surefire.testng.TestNGDirectoryTestSuite.executeMulti(TestNGDirectoryTestSuite.java:159)
	at org.apache.maven.surefire.testng.TestNGDirectoryTestSuite.execute(TestNGDirectoryTestSuite.java:99)
	at org.apache.maven.surefire.testng.TestNGProvider.invoke(TestNGProvider.java:106)
	at sun.reflect.NativeMethodAccessorImpl.invoke0(Native Method)
	at sun.reflect.NativeMethodAccessorImpl.invoke(Unknown Source)
	at sun.reflect.DelegatingMethodAccessorImpl.invoke(Unknown Source)
	at java.lang.reflect.Method.invoke(Unknown Source)
	at org.apache.maven.surefire.util.ReflectionUtils.invokeMethodWithArray(ReflectionUtils.java:189)
	at org.apache.maven.surefire.booter.ProviderFactory$ProviderProxy.invoke(ProviderFactory.java:165)
	at org.apache.maven.surefire.booter.ProviderFactory.invokeProvider(ProviderFactory.java:85)
	at org.apache.maven.surefire.booter.ForkedBooter.runSuitesInProcess(ForkedBooter.java:115)
	at org.apache.maven.surefire.booter.ForkedBooter.main(ForkedBooter.java:75)
]]>
            </full-stacktrace>
          </exception> <!-- java.lang.NullPointerException -->
          <reporter-output>
          </reporter-output>
        </test-method> <!-- testAddPayee -->
        <test-method status="PASS" signature="afterTest()[pri:0, instance:runner.TestAddPayee@fbd816]" name="afterTest" is-config="true" duration-ms="4411" started-at="2018-10-06T12:08:02Z" finished-at="2018-10-06T12:08:06Z">
          <reporter-output>
          </reporter-output>
        </test-method> <!-- afterTest -->
        <test-method status="PASS" signature="afterTest()[pri:0, instance:runner.TestLogin@39f31e]" name="afterTest" is-config="true" duration-ms="3265" started-at="2018-10-06T12:08:06Z" finished-at="2018-10-06T12:08:10Z">
          <reporter-output>
          </reporter-output>
        </test-method> <!-- afterTest -->
        <test-method status="PASS" signature="afterTest()[pri:0, instance:runner.TestLogoutPage@10399e]" name="afterTest" is-config="true" duration-ms="1956" started-at="2018-10-06T12:08:10Z" finished-at="2018-10-06T12:08:12Z">
          <reporter-output>
          </reporter-output>
        </test-method> <!-- afterTest -->
      </class> <!-- runner.TestAddPayee -->
      <class name="runner.TestLogin">
        <test-method status="PASS" signature="beforeMethod()[pri:0, instance:runner.TestLogin@39f31e]" name="beforeMethod" is-config="true" duration-ms="5114" started-at="2018-10-06T12:07:11Z" finished-at="2018-10-06T12:07:16Z">
          <reporter-output>
          </reporter-output>
        </test-method> <!-- beforeMethod -->
        <test-method status="PASS" signature="TestLogin(java.lang.Object, java.lang.Object)[pri:0, instance:runner.TestLogin@39f31e]" name="TestLogin" duration-ms="6665" started-at="2018-10-06T12:07:16Z" data-provider="LoginData" finished-at="2018-10-06T12:07:23Z">
          <params>
            <param index="0">
              <value>
                <![CDATA[ritesh0107]]>
              </value>
            </param>
            <param index="1">
              <value>
                <![CDATA[nayan0107]]>
              </value>
            </param>
          </params>
          <reporter-output>
          </reporter-output>
        </test-method> <!-- TestLogin -->
        <test-method status="PASS" signature="afterMethod(org.testng.ITestResult)[pri:0, instance:runner.TestLogin@39f31e]" name="afterMethod" is-config="true" duration-ms="8282" started-at="2018-10-06T12:07:23Z" finished-at="2018-10-06T12:07:31Z">
          <params>
            <param index="0">
              <value>
                <![CDATA[[TestResult name=TestLogin status=SUCCESS method=TestLogin.TestLogin(java.lang.Object, java.lang.Object)[pri:0, instance:runner.TestLogin@39f31e] output={null}]]]>
              </value>
            </param>
          </params>
          <reporter-output>
          </reporter-output>
        </test-method> <!-- afterMethod -->
        <test-method status="PASS" signature="beforeMethod()[pri:0, instance:runner.TestLogin@39f31e]" name="beforeMethod" is-config="true" duration-ms="1307" started-at="2018-10-06T12:07:31Z" finished-at="2018-10-06T12:07:33Z">
          <reporter-output>
          </reporter-output>
        </test-method> <!-- beforeMethod -->
        <test-method status="PASS" signature="test1()[pri:0, instance:runner.TestLogin@39f31e]" name="test1" duration-ms="731" started-at="2018-10-06T12:07:33Z" finished-at="2018-10-06T12:07:33Z">
          <reporter-output>
          </reporter-output>
        </test-method> <!-- test1 -->
        <test-method status="PASS" signature="beforeMethod()[pri:0, instance:runner.TestLogin@39f31e]" name="beforeMethod" is-config="true" duration-ms="3228" started-at="2018-10-06T12:07:33Z" finished-at="2018-10-06T12:07:37Z">
          <reporter-output>
          </reporter-output>
        </test-method> <!-- beforeMethod -->
        <test-method status="PASS" signature="afterMethod(org.testng.ITestResult)[pri:0, instance:runner.TestLogin@39f31e]" name="afterMethod" is-config="true" duration-ms="0" started-at="2018-10-06T12:07:33Z" finished-at="2018-10-06T12:07:33Z">
          <params>
            <param index="0">
              <value>
                <![CDATA[[TestResult name=test1 status=SUCCESS method=TestLogin.test1()[pri:0, instance:runner.TestLogin@39f31e] output={null}]]]>
              </value>
            </param>
          </params>
          <reporter-output>
          </reporter-output>
        </test-method> <!-- afterMethod -->
        <test-method status="PASS" signature="titleValidation()[pri:0, instance:runner.TestLogin@39f31e]" name="titleValidation" duration-ms="22" started-at="2018-10-06T12:07:37Z" finished-at="2018-10-06T12:07:37Z">
          <reporter-output>
          </reporter-output>
        </test-method> <!-- titleValidation -->
        <test-method status="PASS" signature="afterMethod(org.testng.ITestResult)[pri:0, instance:runner.TestLogin@39f31e]" name="afterMethod" is-config="true" duration-ms="0" started-at="2018-10-06T12:07:37Z" finished-at="2018-10-06T12:07:37Z">
          <params>
            <param index="0">
              <value>
                <![CDATA[[TestResult name=titleValidation status=SUCCESS method=TestLogin.titleValidation()[pri:0, instance:runner.TestLogin@39f31e] output={null}]]]>
              </value>
            </param>
          </params>
          <reporter-output>
          </reporter-output>
        </test-method> <!-- afterMethod -->
      </class> <!-- runner.TestLogin -->
    </test> <!-- Command line test -->
  </suite> <!-- Command line suite -->
</testng-results>
