<?xml version="1.0" encoding="UTF-8"?>
<testng-results skipped="0" failed="0" total="3" passed="3">
  <reporter-output>
  </reporter-output>
  <suite name="Default suite" duration-ms="33058" started-at="2018-10-06T06:33:21Z" finished-at="2018-10-06T06:33:54Z">
    <groups>
    </groups>
    <test name="Default test" duration-ms="33058" started-at="2018-10-06T06:33:21Z" finished-at="2018-10-06T06:33:54Z">
      <class name="runner.TestLogin">
        <test-method status="PASS" signature="beforeTest()[pri:0, instance:runner.TestLogin@cb644e]" name="beforeTest" is-config="true" duration-ms="4569" started-at="2018-10-06T12:03:21Z" finished-at="2018-10-06T12:03:26Z">
          <reporter-output>
          </reporter-output>
        </test-method> <!-- beforeTest -->
        <test-method status="PASS" signature="beforeMethod()[pri:0, instance:runner.TestLogin@cb644e]" name="beforeMethod" is-config="true" duration-ms="5199" started-at="2018-10-06T12:03:26Z" finished-at="2018-10-06T12:03:31Z">
          <reporter-output>
          </reporter-output>
        </test-method> <!-- beforeMethod -->
        <test-method status="PASS" signature="TestLogin(java.lang.Object, java.lang.Object)[pri:0, instance:runner.TestLogin@cb644e]" name="TestLogin" duration-ms="6861" started-at="2018-10-06T12:03:31Z" data-provider="LoginData" finished-at="2018-10-06T12:03:38Z">
          <params>
            <param index="0">
              <value>
                <![CDATA[ritesh0107]]>
              </value>
            </param>
            <param index="1">
              <value>
                <![CDATA[nayan0107]]>
              </value>
            </param>
          </params>
          <reporter-output>
          </reporter-output>
        </test-method> <!-- TestLogin -->
        <test-method status="PASS" signature="afterMethod(org.testng.ITestResult)[pri:0, instance:runner.TestLogin@cb644e]" name="afterMethod" is-config="true" duration-ms="8735" started-at="2018-10-06T12:03:38Z" finished-at="2018-10-06T12:03:46Z">
          <params>
            <param index="0">
              <value>
                <![CDATA[[TestResult name=TestLogin status=SUCCESS method=TestLogin.TestLogin(java.lang.Object, java.lang.Object)[pri:0, instance:runner.TestLogin@cb644e] output={null}]]]>
              </value>
            </param>
          </params>
          <reporter-output>
          </reporter-output>
        </test-method> <!-- afterMethod -->
        <test-method status="PASS" signature="beforeMethod()[pri:0, instance:runner.TestLogin@cb644e]" name="beforeMethod" is-config="true" duration-ms="1181" started-at="2018-10-06T12:03:46Z" finished-at="2018-10-06T12:03:48Z">
          <reporter-output>
          </reporter-output>
        </test-method> <!-- beforeMethod -->
        <test-method status="PASS" signature="test1()[pri:0, instance:runner.TestLogin@cb644e]" name="test1" duration-ms="699" started-at="2018-10-06T12:03:48Z" finished-at="2018-10-06T12:03:48Z">
          <reporter-output>
          </reporter-output>
        </test-method> <!-- test1 -->
        <test-method status="PASS" signature="afterMethod(org.testng.ITestResult)[pri:0, instance:runner.TestLogin@cb644e]" name="afterMethod" is-config="true" duration-ms="0" started-at="2018-10-06T12:03:48Z" finished-at="2018-10-06T12:03:48Z">
          <params>
            <param index="0">
              <value>
                <![CDATA[[TestResult name=test1 status=SUCCESS method=TestLogin.test1()[pri:0, instance:runner.TestLogin@cb644e] output={null}]]]>
              </value>
            </param>
          </params>
          <reporter-output>
          </reporter-output>
        </test-method> <!-- afterMethod -->
        <test-method status="PASS" signature="beforeMethod()[pri:0, instance:runner.TestLogin@cb644e]" name="beforeMethod" is-config="true" duration-ms="2411" started-at="2018-10-06T12:03:48Z" finished-at="2018-10-06T12:03:51Z">
          <reporter-output>
          </reporter-output>
        </test-method> <!-- beforeMethod -->
        <test-method status="PASS" signature="titleValidation()[pri:0, instance:runner.TestLogin@cb644e]" name="titleValidation" duration-ms="31" started-at="2018-10-06T12:03:51Z" finished-at="2018-10-06T12:03:51Z">
          <reporter-output>
          </reporter-output>
        </test-method> <!-- titleValidation -->
        <test-method status="PASS" signature="afterMethod(org.testng.ITestResult)[pri:0, instance:runner.TestLogin@cb644e]" name="afterMethod" is-config="true" duration-ms="1" started-at="2018-10-06T12:03:51Z" finished-at="2018-10-06T12:03:51Z">
          <params>
            <param index="0">
              <value>
                <![CDATA[[TestResult name=titleValidation status=SUCCESS method=TestLogin.titleValidation()[pri:0, instance:runner.TestLogin@cb644e] output={null}]]]>
              </value>
            </param>
          </params>
          <reporter-output>
          </reporter-output>
        </test-method> <!-- afterMethod -->
        <test-method status="PASS" signature="afterTest()[pri:0, instance:runner.TestLogin@cb644e]" name="afterTest" is-config="true" duration-ms="3353" started-at="2018-10-06T12:03:51Z" finished-at="2018-10-06T12:03:54Z">
          <reporter-output>
          </reporter-output>
        </test-method> <!-- afterTest -->
      </class> <!-- runner.TestLogin -->
    </test> <!-- Default test -->
  </suite> <!-- Default suite -->
</testng-results>
